2019-06-19 10:41:38 Hail: WARN: This Hail JAR was compiled for Spark 2.4.0, running with Spark 2.4.3.
  Compatibility is not guaranteed.
2019-06-19 10:41:38 SparkContext: INFO: Running Spark version 2.4.3
2019-06-19 10:41:38 SparkContext: INFO: Submitted application: Hail
2019-06-19 10:41:38 SparkContext: INFO: Spark configuration:
spark.app.name=Hail
spark.driver.extraClassPath=/anaconda3/lib/python3.6/site-packages/hail/hail-all-spark.jar
spark.executor.extraClassPath=/anaconda3/lib/python3.6/site-packages/hail/hail-all-spark.jar
spark.hadoop.io.compression.codecs=org.apache.hadoop.io.compress.DefaultCodec,is.hail.io.compress.BGzipCodec,is.hail.io.compress.BGzipCodecTbi,org.apache.hadoop.io.compress.GzipCodec
spark.hadoop.mapreduce.input.fileinputformat.split.minsize=0
spark.kryo.registrator=is.hail.kryo.HailKryoRegistrator
spark.logConf=true
spark.master=local[*]
spark.serializer=org.apache.spark.serializer.KryoSerializer
spark.submit.deployMode=client
spark.ui.showConsoleProgress=false
2019-06-19 10:41:38 SecurityManager: INFO: Changing view acls to: nbaya
2019-06-19 10:41:38 SecurityManager: INFO: Changing modify acls to: nbaya
2019-06-19 10:41:38 SecurityManager: INFO: Changing view acls groups to: 
2019-06-19 10:41:38 SecurityManager: INFO: Changing modify acls groups to: 
2019-06-19 10:41:38 SecurityManager: INFO: SecurityManager: authentication disabled; ui acls disabled; users  with view permissions: Set(nbaya); groups with view permissions: Set(); users  with modify permissions: Set(nbaya); groups with modify permissions: Set()
2019-06-19 10:41:39 Utils: INFO: Successfully started service 'sparkDriver' on port 62327.
2019-06-19 10:41:39 SparkEnv: INFO: Registering MapOutputTracker
2019-06-19 10:41:39 SparkEnv: INFO: Registering BlockManagerMaster
2019-06-19 10:41:39 BlockManagerMasterEndpoint: INFO: Using org.apache.spark.storage.DefaultTopologyMapper for getting topology information
2019-06-19 10:41:39 BlockManagerMasterEndpoint: INFO: BlockManagerMasterEndpoint up
2019-06-19 10:41:39 DiskBlockManager: INFO: Created local directory at /private/var/folders/56/q7rh2y5x7hj4n359_13dgwxcmtwz20/T/blockmgr-9ca07f59-b081-456c-9592-29d9ea52e4db
2019-06-19 10:41:39 MemoryStore: INFO: MemoryStore started with capacity 366.3 MB
2019-06-19 10:41:39 SparkEnv: INFO: Registering OutputCommitCoordinator
2019-06-19 10:41:39 log: INFO: Logging initialized @3496ms
2019-06-19 10:41:39 Server: INFO: jetty-9.3.z-SNAPSHOT, build timestamp: unknown, git hash: unknown
2019-06-19 10:41:39 Server: INFO: Started @3604ms
2019-06-19 10:41:39 Utils: WARN: Service 'SparkUI' could not bind on port 4040. Attempting port 4041.
2019-06-19 10:41:39 AbstractConnector: INFO: Started ServerConnector@4b52d28{HTTP/1.1,[http/1.1]}{0.0.0.0:4041}
2019-06-19 10:41:39 Utils: INFO: Successfully started service 'SparkUI' on port 4041.
2019-06-19 10:41:39 ContextHandler: INFO: Started o.s.j.s.ServletContextHandler@70a61c4b{/jobs,null,AVAILABLE,@Spark}
2019-06-19 10:41:39 ContextHandler: INFO: Started o.s.j.s.ServletContextHandler@29e31b68{/jobs/json,null,AVAILABLE,@Spark}
2019-06-19 10:41:39 ContextHandler: INFO: Started o.s.j.s.ServletContextHandler@3020b6d5{/jobs/job,null,AVAILABLE,@Spark}
2019-06-19 10:41:39 ContextHandler: INFO: Started o.s.j.s.ServletContextHandler@e9a1f6f{/jobs/job/json,null,AVAILABLE,@Spark}
2019-06-19 10:41:39 ContextHandler: INFO: Started o.s.j.s.ServletContextHandler@3f936d8f{/stages,null,AVAILABLE,@Spark}
2019-06-19 10:41:39 ContextHandler: INFO: Started o.s.j.s.ServletContextHandler@ab0f2b6{/stages/json,null,AVAILABLE,@Spark}
2019-06-19 10:41:39 ContextHandler: INFO: Started o.s.j.s.ServletContextHandler@28b627fe{/stages/stage,null,AVAILABLE,@Spark}
2019-06-19 10:41:39 ContextHandler: INFO: Started o.s.j.s.ServletContextHandler@5ffaad15{/stages/stage/json,null,AVAILABLE,@Spark}
2019-06-19 10:41:39 ContextHandler: INFO: Started o.s.j.s.ServletContextHandler@46eae8c3{/stages/pool,null,AVAILABLE,@Spark}
2019-06-19 10:41:39 ContextHandler: INFO: Started o.s.j.s.ServletContextHandler@797b6ada{/stages/pool/json,null,AVAILABLE,@Spark}
2019-06-19 10:41:39 ContextHandler: INFO: Started o.s.j.s.ServletContextHandler@3de8aac6{/storage,null,AVAILABLE,@Spark}
2019-06-19 10:41:39 ContextHandler: INFO: Started o.s.j.s.ServletContextHandler@37702a6b{/storage/json,null,AVAILABLE,@Spark}
2019-06-19 10:41:39 ContextHandler: INFO: Started o.s.j.s.ServletContextHandler@26cd60b6{/storage/rdd,null,AVAILABLE,@Spark}
2019-06-19 10:41:39 ContextHandler: INFO: Started o.s.j.s.ServletContextHandler@442e30f{/storage/rdd/json,null,AVAILABLE,@Spark}
2019-06-19 10:41:39 ContextHandler: INFO: Started o.s.j.s.ServletContextHandler@7c04c7db{/environment,null,AVAILABLE,@Spark}
2019-06-19 10:41:39 ContextHandler: INFO: Started o.s.j.s.ServletContextHandler@4a118942{/environment/json,null,AVAILABLE,@Spark}
2019-06-19 10:41:39 ContextHandler: INFO: Started o.s.j.s.ServletContextHandler@7148866{/executors,null,AVAILABLE,@Spark}
2019-06-19 10:41:39 ContextHandler: INFO: Started o.s.j.s.ServletContextHandler@145d4910{/executors/json,null,AVAILABLE,@Spark}
2019-06-19 10:41:39 ContextHandler: INFO: Started o.s.j.s.ServletContextHandler@4ebd6e5f{/executors/threadDump,null,AVAILABLE,@Spark}
2019-06-19 10:41:39 ContextHandler: INFO: Started o.s.j.s.ServletContextHandler@8a0b553{/executors/threadDump/json,null,AVAILABLE,@Spark}
2019-06-19 10:41:39 ContextHandler: INFO: Started o.s.j.s.ServletContextHandler@2b544b99{/static,null,AVAILABLE,@Spark}
2019-06-19 10:41:39 ContextHandler: INFO: Started o.s.j.s.ServletContextHandler@2d67e673{/,null,AVAILABLE,@Spark}
2019-06-19 10:41:39 ContextHandler: INFO: Started o.s.j.s.ServletContextHandler@1659bbc0{/api,null,AVAILABLE,@Spark}
2019-06-19 10:41:39 ContextHandler: INFO: Started o.s.j.s.ServletContextHandler@10ef7d99{/jobs/job/kill,null,AVAILABLE,@Spark}
2019-06-19 10:41:39 ContextHandler: INFO: Started o.s.j.s.ServletContextHandler@7b3af5f4{/stages/stage/kill,null,AVAILABLE,@Spark}
2019-06-19 10:41:39 SparkUI: INFO: Bound SparkUI to 0.0.0.0, and started at http://wm65b-8a9.broadinstitute.org:4041
2019-06-19 10:41:39 Executor: INFO: Starting executor ID driver on host localhost
2019-06-19 10:41:39 Utils: INFO: Successfully started service 'org.apache.spark.network.netty.NettyBlockTransferService' on port 62328.
2019-06-19 10:41:39 NettyBlockTransferService: INFO: Server created on wm65b-8a9.broadinstitute.org:62328
2019-06-19 10:41:39 BlockManager: INFO: Using org.apache.spark.storage.RandomBlockReplicationPolicy for block replication policy
2019-06-19 10:41:39 BlockManagerMaster: INFO: Registering BlockManager BlockManagerId(driver, wm65b-8a9.broadinstitute.org, 62328, None)
2019-06-19 10:41:39 BlockManagerMasterEndpoint: INFO: Registering block manager wm65b-8a9.broadinstitute.org:62328 with 366.3 MB RAM, BlockManagerId(driver, wm65b-8a9.broadinstitute.org, 62328, None)
2019-06-19 10:41:39 BlockManagerMaster: INFO: Registered BlockManager BlockManagerId(driver, wm65b-8a9.broadinstitute.org, 62328, None)
2019-06-19 10:41:39 BlockManager: INFO: Initialized BlockManager: BlockManagerId(driver, wm65b-8a9.broadinstitute.org, 62328, None)
2019-06-19 10:41:40 ContextHandler: INFO: Started o.s.j.s.ServletContextHandler@225866b9{/metrics/json,null,AVAILABLE,@Spark}
2019-06-19 10:41:40 Hail: INFO: Hail temporary directory: file:/tmp/hail.TX0wP9OamgzK
2019-06-19 10:41:40 MemoryStore: INFO: Block broadcast_0 stored as values in memory (estimated size 237.3 KB, free 366.1 MB)
2019-06-19 10:41:41 MemoryStore: INFO: Block broadcast_0_piece0 stored as bytes in memory (estimated size 23.0 KB, free 366.0 MB)
2019-06-19 10:41:41 BlockManagerInfo: INFO: Added broadcast_0_piece0 in memory on wm65b-8a9.broadinstitute.org:62328 (size: 23.0 KB, free: 366.3 MB)
2019-06-19 10:41:41 SparkContext: INFO: Created broadcast 0 from broadcast at HailContext.scala:395
2019-06-19 10:41:41 Hail: INFO: SparkUI: http://wm65b-8a9.broadinstitute.org:4041
2019-06-19 10:41:41 Hail: INFO: Running Hail version 0.2.14-8dcb6722c72a
2019-06-19 10:41:41 MemoryStore: INFO: Block broadcast_1 stored as values in memory (estimated size 33.5 KB, free 366.0 MB)
2019-06-19 10:41:41 MemoryStore: INFO: Block broadcast_1_piece0 stored as bytes in memory (estimated size 2.9 KB, free 366.0 MB)
2019-06-19 10:41:41 BlockManagerInfo: INFO: Added broadcast_1_piece0 in memory on wm65b-8a9.broadinstitute.org:62328 (size: 2.9 KB, free: 366.3 MB)
2019-06-19 10:41:41 SparkContext: INFO: Created broadcast 1 from broadcast at ReferenceGenome.scala:454
2019-06-19 10:41:41 MemoryStore: INFO: Block broadcast_2 stored as values in memory (estimated size 1643.2 KB, free 364.4 MB)
2019-06-19 10:41:41 MemoryStore: INFO: Block broadcast_2_piece0 stored as bytes in memory (estimated size 108.4 KB, free 364.3 MB)
2019-06-19 10:41:41 BlockManagerInfo: INFO: Added broadcast_2_piece0 in memory on wm65b-8a9.broadinstitute.org:62328 (size: 108.4 KB, free: 366.2 MB)
2019-06-19 10:41:41 SparkContext: INFO: Created broadcast 2 from broadcast at ReferenceGenome.scala:454
2019-06-19 10:41:41 MemoryStore: INFO: Block broadcast_3 stored as values in memory (estimated size 8.7 KB, free 364.3 MB)
2019-06-19 10:41:41 MemoryStore: INFO: Block broadcast_3_piece0 stored as bytes in memory (estimated size 1000.0 B, free 364.3 MB)
2019-06-19 10:41:41 BlockManagerInfo: INFO: Added broadcast_3_piece0 in memory on wm65b-8a9.broadinstitute.org:62328 (size: 1000.0 B, free: 366.2 MB)
2019-06-19 10:41:41 SparkContext: INFO: Created broadcast 3 from broadcast at ReferenceGenome.scala:454
2019-06-19 10:41:42 root: INFO: optimize (CompileAndEvaluate: first pass): before: IR size 3: 
(ApplySeeded rand_bool 5781759269703068010
  (ApplyIR toFloat64
    (I32 1)))
2019-06-19 10:41:42 root: INFO: optimize (CompileAndEvaluate: first pass): after: IR size 2:
(ApplySeeded rand_bool 5781759269703068010
  (F64 1.0))
2019-06-19 10:41:42 root: INFO: optimize (CompileAndEvaluate: after Matrix lowering): before: IR size 2: 
(ApplySeeded rand_bool 5781759269703068010
  (F64 1.0))
2019-06-19 10:41:42 root: INFO: optimize (CompileAndEvaluate: after Matrix lowering): after: IR size 2:
(ApplySeeded rand_bool 5781759269703068010
  (F64 1.0))
2019-06-19 10:41:42 root: INFO: optimize (Compile): before: IR size 3: 
(MakeTuple
  (ApplySeeded rand_bool 5781759269703068010
    (F64 1.0)))
2019-06-19 10:41:42 root: INFO: optimize (Compile): after: IR size 3:
(MakeTuple
  (ApplySeeded rand_bool 5781759269703068010
    (F64 1.0)))
2019-06-19 10:41:42 root: INFO: is/hail/codegen/generated/C0.<init> instruction count: 3
2019-06-19 10:41:42 root: INFO: is/hail/codegen/generated/C0.apply instruction count: 57
2019-06-19 10:41:42 root: INFO: is/hail/codegen/generated/C0.apply instruction count: 28
2019-06-19 10:41:42 root: INFO: is/hail/codegen/generated/C0.setPartitionIndex instruction count: 24
2019-06-19 10:41:42 root: INFO: Time taken for CompileAndEvaluate -- first pass: 38.917ms
2019-06-19 10:41:42 root: INFO: Time taken for CompileAndEvaluate -- after Matrix lowering: 0.881ms
2019-06-19 10:41:42 root: INFO: Time taken for CompileAndEvaluate -- compile: 66.549ms
2019-06-19 10:41:42 root: INFO: Time taken for CompileAndEvaluate -- interpret non-compilable: 3.788ms
2019-06-19 10:41:42 root: INFO: Time taken for CompileAndEvaluate -- runtime: 22.775ms
2019-06-19 10:42:12 SparkContext: INFO: Invoking stop() from shutdown hook
2019-06-19 10:42:12 AbstractConnector: INFO: Stopped Spark@4b52d28{HTTP/1.1,[http/1.1]}{0.0.0.0:4041}
2019-06-19 10:42:12 SparkUI: INFO: Stopped Spark web UI at http://wm65b-8a9.broadinstitute.org:4041
2019-06-19 10:42:12 MapOutputTrackerMasterEndpoint: INFO: MapOutputTrackerMasterEndpoint stopped!
2019-06-19 10:42:12 MemoryStore: INFO: MemoryStore cleared
2019-06-19 10:42:12 BlockManager: INFO: BlockManager stopped
2019-06-19 10:42:12 BlockManagerMaster: INFO: BlockManagerMaster stopped
2019-06-19 10:42:12 OutputCommitCoordinator$OutputCommitCoordinatorEndpoint: INFO: OutputCommitCoordinator stopped!
2019-06-19 10:42:12 SparkContext: INFO: Successfully stopped SparkContext
2019-06-19 10:42:12 ShutdownHookManager: INFO: Shutdown hook called
2019-06-19 10:42:12 ShutdownHookManager: INFO: Deleting directory /private/var/folders/56/q7rh2y5x7hj4n359_13dgwxcmtwz20/T/spark-a7d04aa3-953d-4212-bd42-03d9e31fa218
2019-06-19 10:42:12 ShutdownHookManager: INFO: Deleting directory /private/var/folders/56/q7rh2y5x7hj4n359_13dgwxcmtwz20/T/spark-a7d04aa3-953d-4212-bd42-03d9e31fa218/pyspark-4c7e382a-56c0-416d-99ac-12977876ed65
2019-06-19 10:42:12 ShutdownHookManager: INFO: Deleting directory /private/var/folders/56/q7rh2y5x7hj4n359_13dgwxcmtwz20/T/spark-8fd17462-62ad-4586-b7c1-5aa6d5bbaa2b
