2019-06-19 10:50:42 Hail: WARN: This Hail JAR was compiled for Spark 2.4.0, running with Spark 2.4.3.
  Compatibility is not guaranteed.
2019-06-19 10:50:42 SparkContext: INFO: Running Spark version 2.4.3
2019-06-19 10:50:42 SparkContext: INFO: Submitted application: Hail
2019-06-19 10:50:42 SparkContext: INFO: Spark configuration:
spark.app.name=Hail
spark.driver.extraClassPath=/anaconda3/lib/python3.6/site-packages/hail/hail-all-spark.jar
spark.executor.extraClassPath=./hail-all-spark.jar
spark.hadoop.io.compression.codecs=org.apache.hadoop.io.compress.DefaultCodec,is.hail.io.compress.BGzipCodec,is.hail.io.compress.BGzipCodecTbi,org.apache.hadoop.io.compress.GzipCodec
spark.hadoop.mapreduce.input.fileinputformat.split.minsize=0
spark.jars=file:///anaconda3/lib/python3.6/site-packages/hail/hail-all-spark.jar
spark.kryo.registrator=is.hail.kryo.HailKryoRegistrator
spark.logConf=true
spark.master=local[*]
spark.repl.local.jars=file:///anaconda3/lib/python3.6/site-packages/hail/hail-all-spark.jar
spark.serializer=org.apache.spark.serializer.KryoSerializer
spark.submit.deployMode=client
spark.ui.showConsoleProgress=false
2019-06-19 10:50:42 SecurityManager: INFO: Changing view acls to: nbaya
2019-06-19 10:50:42 SecurityManager: INFO: Changing modify acls to: nbaya
2019-06-19 10:50:42 SecurityManager: INFO: Changing view acls groups to: 
2019-06-19 10:50:42 SecurityManager: INFO: Changing modify acls groups to: 
2019-06-19 10:50:42 SecurityManager: INFO: SecurityManager: authentication disabled; ui acls disabled; users  with view permissions: Set(nbaya); groups with view permissions: Set(); users  with modify permissions: Set(nbaya); groups with modify permissions: Set()
2019-06-19 10:50:42 Utils: INFO: Successfully started service 'sparkDriver' on port 63230.
2019-06-19 10:50:43 SparkEnv: INFO: Registering MapOutputTracker
2019-06-19 10:50:43 SparkEnv: INFO: Registering BlockManagerMaster
2019-06-19 10:50:43 BlockManagerMasterEndpoint: INFO: Using org.apache.spark.storage.DefaultTopologyMapper for getting topology information
2019-06-19 10:50:43 BlockManagerMasterEndpoint: INFO: BlockManagerMasterEndpoint up
2019-06-19 10:50:43 DiskBlockManager: INFO: Created local directory at /private/var/folders/56/q7rh2y5x7hj4n359_13dgwxcmtwz20/T/blockmgr-ed6eaa0c-8b5d-4f96-8e85-478508069df2
2019-06-19 10:50:43 MemoryStore: INFO: MemoryStore started with capacity 366.3 MB
2019-06-19 10:50:43 SparkEnv: INFO: Registering OutputCommitCoordinator
2019-06-19 10:50:43 log: INFO: Logging initialized @2554ms
2019-06-19 10:50:43 Server: INFO: jetty-9.3.z-SNAPSHOT, build timestamp: unknown, git hash: unknown
2019-06-19 10:50:43 Server: INFO: Started @2667ms
2019-06-19 10:50:43 AbstractConnector: INFO: Started ServerConnector@27fedea8{HTTP/1.1,[http/1.1]}{0.0.0.0:4040}
2019-06-19 10:50:43 Utils: INFO: Successfully started service 'SparkUI' on port 4040.
2019-06-19 10:50:43 ContextHandler: INFO: Started o.s.j.s.ServletContextHandler@79e6750c{/jobs,null,AVAILABLE,@Spark}
2019-06-19 10:50:43 ContextHandler: INFO: Started o.s.j.s.ServletContextHandler@6c7dc8c5{/jobs/json,null,AVAILABLE,@Spark}
2019-06-19 10:50:43 ContextHandler: INFO: Started o.s.j.s.ServletContextHandler@2d49b9cf{/jobs/job,null,AVAILABLE,@Spark}
2019-06-19 10:50:43 ContextHandler: INFO: Started o.s.j.s.ServletContextHandler@2b86fb84{/jobs/job/json,null,AVAILABLE,@Spark}
2019-06-19 10:50:43 ContextHandler: INFO: Started o.s.j.s.ServletContextHandler@293f25d1{/stages,null,AVAILABLE,@Spark}
2019-06-19 10:50:43 ContextHandler: INFO: Started o.s.j.s.ServletContextHandler@49d876f8{/stages/json,null,AVAILABLE,@Spark}
2019-06-19 10:50:43 ContextHandler: INFO: Started o.s.j.s.ServletContextHandler@48fa604b{/stages/stage,null,AVAILABLE,@Spark}
2019-06-19 10:50:43 ContextHandler: INFO: Started o.s.j.s.ServletContextHandler@e989731{/stages/stage/json,null,AVAILABLE,@Spark}
2019-06-19 10:50:43 ContextHandler: INFO: Started o.s.j.s.ServletContextHandler@157b4691{/stages/pool,null,AVAILABLE,@Spark}
2019-06-19 10:50:43 ContextHandler: INFO: Started o.s.j.s.ServletContextHandler@26348895{/stages/pool/json,null,AVAILABLE,@Spark}
2019-06-19 10:50:43 ContextHandler: INFO: Started o.s.j.s.ServletContextHandler@4850c8ed{/storage,null,AVAILABLE,@Spark}
2019-06-19 10:50:43 ContextHandler: INFO: Started o.s.j.s.ServletContextHandler@23befc9{/storage/json,null,AVAILABLE,@Spark}
2019-06-19 10:50:43 ContextHandler: INFO: Started o.s.j.s.ServletContextHandler@4d3b7ed1{/storage/rdd,null,AVAILABLE,@Spark}
2019-06-19 10:50:43 ContextHandler: INFO: Started o.s.j.s.ServletContextHandler@4f4937c3{/storage/rdd/json,null,AVAILABLE,@Spark}
2019-06-19 10:50:43 ContextHandler: INFO: Started o.s.j.s.ServletContextHandler@1109967{/environment,null,AVAILABLE,@Spark}
2019-06-19 10:50:43 ContextHandler: INFO: Started o.s.j.s.ServletContextHandler@5c086b2b{/environment/json,null,AVAILABLE,@Spark}
2019-06-19 10:50:43 ContextHandler: INFO: Started o.s.j.s.ServletContextHandler@4ad34b8d{/executors,null,AVAILABLE,@Spark}
2019-06-19 10:50:43 ContextHandler: INFO: Started o.s.j.s.ServletContextHandler@4ca28a3b{/executors/json,null,AVAILABLE,@Spark}
2019-06-19 10:50:43 ContextHandler: INFO: Started o.s.j.s.ServletContextHandler@497cf969{/executors/threadDump,null,AVAILABLE,@Spark}
2019-06-19 10:50:43 ContextHandler: INFO: Started o.s.j.s.ServletContextHandler@56b2925e{/executors/threadDump/json,null,AVAILABLE,@Spark}
2019-06-19 10:50:43 ContextHandler: INFO: Started o.s.j.s.ServletContextHandler@66d2426{/static,null,AVAILABLE,@Spark}
2019-06-19 10:50:43 ContextHandler: INFO: Started o.s.j.s.ServletContextHandler@57228f3f{/,null,AVAILABLE,@Spark}
2019-06-19 10:50:43 ContextHandler: INFO: Started o.s.j.s.ServletContextHandler@3e39f16{/api,null,AVAILABLE,@Spark}
2019-06-19 10:50:43 ContextHandler: INFO: Started o.s.j.s.ServletContextHandler@6e365223{/jobs/job/kill,null,AVAILABLE,@Spark}
2019-06-19 10:50:43 ContextHandler: INFO: Started o.s.j.s.ServletContextHandler@56b835cd{/stages/stage/kill,null,AVAILABLE,@Spark}
2019-06-19 10:50:43 SparkUI: INFO: Bound SparkUI to 0.0.0.0, and started at http://wm65b-8a9.broadinstitute.org:4040
2019-06-19 10:50:43 SparkContext: INFO: Added JAR file:///anaconda3/lib/python3.6/site-packages/hail/hail-all-spark.jar at spark://wm65b-8a9.broadinstitute.org:63230/jars/hail-all-spark.jar with timestamp 1560955843417
2019-06-19 10:50:43 Executor: INFO: Starting executor ID driver on host localhost
2019-06-19 10:50:43 Utils: INFO: Successfully started service 'org.apache.spark.network.netty.NettyBlockTransferService' on port 63231.
2019-06-19 10:50:43 NettyBlockTransferService: INFO: Server created on wm65b-8a9.broadinstitute.org:63231
2019-06-19 10:50:43 BlockManager: INFO: Using org.apache.spark.storage.RandomBlockReplicationPolicy for block replication policy
2019-06-19 10:50:43 BlockManagerMaster: INFO: Registering BlockManager BlockManagerId(driver, wm65b-8a9.broadinstitute.org, 63231, None)
2019-06-19 10:50:43 BlockManagerMasterEndpoint: INFO: Registering block manager wm65b-8a9.broadinstitute.org:63231 with 366.3 MB RAM, BlockManagerId(driver, wm65b-8a9.broadinstitute.org, 63231, None)
2019-06-19 10:50:43 BlockManagerMaster: INFO: Registered BlockManager BlockManagerId(driver, wm65b-8a9.broadinstitute.org, 63231, None)
2019-06-19 10:50:43 BlockManager: INFO: Initialized BlockManager: BlockManagerId(driver, wm65b-8a9.broadinstitute.org, 63231, None)
2019-06-19 10:50:43 ContextHandler: INFO: Started o.s.j.s.ServletContextHandler@237229f8{/metrics/json,null,AVAILABLE,@Spark}
2019-06-19 10:50:43 Hail: INFO: Hail temporary directory: file:/tmp/hail.nag0T2js001d
2019-06-19 10:50:43 Hail: INFO: SparkUI: http://wm65b-8a9.broadinstitute.org:4040
2019-06-19 10:50:43 Hail: INFO: Running Hail version 0.2.15-aa0fb6174ba5
2019-06-19 10:50:44 MemoryStore: INFO: Block broadcast_0 stored as values in memory (estimated size 33.5 KB, free 366.3 MB)
2019-06-19 10:50:44 MemoryStore: INFO: Block broadcast_0_piece0 stored as bytes in memory (estimated size 2.9 KB, free 366.3 MB)
2019-06-19 10:50:44 BlockManagerInfo: INFO: Added broadcast_0_piece0 in memory on wm65b-8a9.broadinstitute.org:63231 (size: 2.9 KB, free: 366.3 MB)
2019-06-19 10:50:44 SparkContext: INFO: Created broadcast 0 from broadcast at SparkBackend.scala:26
2019-06-19 10:50:44 MemoryStore: INFO: Block broadcast_1 stored as values in memory (estimated size 1643.2 KB, free 364.7 MB)
2019-06-19 10:50:44 MemoryStore: INFO: Block broadcast_1_piece0 stored as bytes in memory (estimated size 108.4 KB, free 364.6 MB)
2019-06-19 10:50:44 BlockManagerInfo: INFO: Added broadcast_1_piece0 in memory on wm65b-8a9.broadinstitute.org:63231 (size: 108.4 KB, free: 366.2 MB)
2019-06-19 10:50:44 SparkContext: INFO: Created broadcast 1 from broadcast at SparkBackend.scala:26
2019-06-19 10:50:44 MemoryStore: INFO: Block broadcast_2 stored as values in memory (estimated size 8.7 KB, free 364.5 MB)
2019-06-19 10:50:44 MemoryStore: INFO: Block broadcast_2_piece0 stored as bytes in memory (estimated size 1000.0 B, free 364.5 MB)
2019-06-19 10:50:44 BlockManagerInfo: INFO: Added broadcast_2_piece0 in memory on wm65b-8a9.broadinstitute.org:63231 (size: 1000.0 B, free: 366.2 MB)
2019-06-19 10:50:44 SparkContext: INFO: Created broadcast 2 from broadcast at SparkBackend.scala:26
2019-06-19 10:50:44 SparkContext: WARN: Using an existing SparkContext; some configuration may not take effect.
2019-06-19 10:50:45 root: INFO: optimize (CompileAndEvaluate: first pass): before: IR size 1: 
(I32 1)
2019-06-19 10:50:45 root: INFO: optimize (CompileAndEvaluate: first pass): after: IR size 1:
(I32 1)
2019-06-19 10:50:45 root: INFO: optimize (CompileAndEvaluate: after Matrix lowering): before: IR size 1: 
(I32 1)
2019-06-19 10:50:45 root: INFO: optimize (CompileAndEvaluate: after Matrix lowering): after: IR size 1:
(I32 1)
2019-06-19 10:50:45 root: INFO: optimize (Compile): before: IR size 2: 
(MakeTuple
  (I32 1))
2019-06-19 10:50:45 root: INFO: optimize (Compile): after: IR size 2:
(MakeTuple
  (I32 1))
2019-06-19 10:50:45 root: INFO: is/hail/codegen/generated/C0.<init> instruction count: 3
2019-06-19 10:50:45 root: INFO: is/hail/codegen/generated/C0.apply instruction count: 53
2019-06-19 10:50:45 root: INFO: is/hail/codegen/generated/C0.apply instruction count: 28
2019-06-19 10:50:45 root: INFO: is/hail/codegen/generated/C0.setPartitionIndex instruction count: 14
2019-06-19 10:50:45 root: INFO: Time taken for CompileAndEvaluate -- first pass: 101.764ms
2019-06-19 10:50:45 root: INFO: Time taken for CompileAndEvaluate -- after Matrix lowering: 0.457ms
2019-06-19 10:50:45 root: INFO: Time taken for CompileAndEvaluate -- compile: 113.255ms
2019-06-19 10:50:45 root: INFO: Time taken for CompileAndEvaluate -- interpret non-compilable: 8.029ms
2019-06-19 10:50:45 root: INFO: Time taken for CompileAndEvaluate -- runtime: 25.312ms
2019-06-19 10:52:46 SparkContext: INFO: Invoking stop() from shutdown hook
2019-06-19 10:52:46 AbstractConnector: INFO: Stopped Spark@27fedea8{HTTP/1.1,[http/1.1]}{0.0.0.0:4040}
2019-06-19 10:52:46 SparkUI: INFO: Stopped Spark web UI at http://wm65b-8a9.broadinstitute.org:4040
2019-06-19 10:52:46 MapOutputTrackerMasterEndpoint: INFO: MapOutputTrackerMasterEndpoint stopped!
2019-06-19 10:52:46 MemoryStore: INFO: MemoryStore cleared
2019-06-19 10:52:46 BlockManager: INFO: BlockManager stopped
2019-06-19 10:52:46 BlockManagerMaster: INFO: BlockManagerMaster stopped
2019-06-19 10:52:46 OutputCommitCoordinator$OutputCommitCoordinatorEndpoint: INFO: OutputCommitCoordinator stopped!
2019-06-19 10:52:46 SparkContext: INFO: Successfully stopped SparkContext
2019-06-19 10:52:46 ShutdownHookManager: INFO: Shutdown hook called
2019-06-19 10:52:46 ShutdownHookManager: INFO: Deleting directory /private/var/folders/56/q7rh2y5x7hj4n359_13dgwxcmtwz20/T/spark-b8386314-4108-4e26-ab27-b9cc55566954/pyspark-89d4ec14-e5dc-477b-b6a6-74f401bd6912
2019-06-19 10:52:46 ShutdownHookManager: INFO: Deleting directory /private/var/folders/56/q7rh2y5x7hj4n359_13dgwxcmtwz20/T/spark-b8386314-4108-4e26-ab27-b9cc55566954
2019-06-19 10:52:46 ShutdownHookManager: INFO: Deleting directory /private/var/folders/56/q7rh2y5x7hj4n359_13dgwxcmtwz20/T/spark-4bcec40a-0e4d-49df-9970-71174033e6f0
